2021-07-28 22:02:06.158 [main] INFO 
            com.atguigu.eduservice.EduApplication - Starting EduApplication using Java 1.8.0_271 on hgkhgkhgk with PID 15300 (D:\Idea\guli_parent\service\service_edu\target\classes started by ASUS in D:\Idea\guli_parent)
2021-07-28 22:02:06.166 [main] INFO 
            com.atguigu.eduservice.EduApplication - The following profiles are active: dev
2021-07-28 22:02:06.803 [main] INFO 
            o.s.d.r.config.RepositoryConfigurationDelegate - Multiple Spring Data modules found, entering strict repository configuration mode!
2021-07-28 22:02:06.808 [main] INFO 
            o.s.d.r.config.RepositoryConfigurationDelegate - Bootstrapping Spring Data Redis repositories in DEFAULT mode.
2021-07-28 22:02:06.824 [main] INFO 
            o.s.d.r.config.RepositoryConfigurationDelegate - Finished Spring Data repository scanning in 6 ms. Found 0 Redis repository interfaces.
2021-07-28 22:02:07.171 [main] INFO 
            o.s.boot.web.embedded.tomcat.TomcatWebServer - Tomcat initialized with port(s): 8001 (http)
2021-07-28 22:02:07.171 [main] INFO 
            org.apache.coyote.http11.Http11NioProtocol - Initializing ProtocolHandler ["http-nio-8001"]
2021-07-28 22:02:07.171 [main] INFO 
            org.apache.catalina.core.StandardService - Starting service [Tomcat]
2021-07-28 22:02:07.171 [main] INFO 
            org.apache.catalina.core.StandardEngine - Starting Servlet engine: [Apache Tomcat/9.0.46]
2021-07-28 22:02:07.244 [main] INFO 
            o.a.c.core.ContainerBase.[Tomcat].[localhost].[/] - Initializing Spring embedded WebApplicationContext
2021-07-28 22:02:07.244 [main] INFO 
            o.s.b.w.s.c.ServletWebServerApplicationContext - Root WebApplicationContext: initialization completed in 1040 ms
2021-07-28 22:02:07.374 [main] INFO 
            com.zaxxer.hikari.HikariDataSource - HikariPool-1 - Starting...
2021-07-28 22:02:07.848 [main] INFO 
            com.zaxxer.hikari.HikariDataSource - HikariPool-1 - Start completed.
2021-07-28 22:02:08.201 [main] INFO 
            s.d.s.w.PropertySourcedRequestMappingHandlerMapping - Mapped URL path [/v2/api-docs] onto method [springfox.documentation.swagger2.web.Swagger2Controller#getDocumentation(String, HttpServletRequest)]
2021-07-28 22:02:08.589 [main] INFO 
            org.apache.coyote.http11.Http11NioProtocol - Starting ProtocolHandler ["http-nio-8001"]
2021-07-28 22:02:08.602 [main] INFO 
            o.s.boot.web.embedded.tomcat.TomcatWebServer - Tomcat started on port(s): 8001 (http) with context path ''
2021-07-28 22:02:08.603 [main] INFO 
            s.d.s.web.plugins.DocumentationPluginsBootstrapper - Context refreshed
2021-07-28 22:02:08.611 [main] INFO 
            s.d.s.web.plugins.DocumentationPluginsBootstrapper - Found 1 custom documentation plugin(s)
2021-07-28 22:02:08.643 [main] INFO 
            s.d.spring.web.scanners.ApiListingReferenceScanner - Scanning for api listing references
2021-07-28 22:02:08.761 [main] INFO 
            com.atguigu.eduservice.EduApplication - Started EduApplication in 2.952 seconds (JVM running for 3.555)
2021-07-28 22:03:29.044 [main] INFO 
            com.atguigu.eduservice.EduApplication - Starting EduApplication using Java 1.8.0_271 on hgkhgkhgk with PID 18748 (D:\Idea\guli_parent\service\service_edu\target\classes started by ASUS in D:\Idea\guli_parent)
2021-07-28 22:03:29.047 [main] INFO 
            com.atguigu.eduservice.EduApplication - The following profiles are active: dev
2021-07-28 22:03:29.699 [main] INFO 
            o.s.d.r.config.RepositoryConfigurationDelegate - Multiple Spring Data modules found, entering strict repository configuration mode!
2021-07-28 22:03:29.699 [main] INFO 
            o.s.d.r.config.RepositoryConfigurationDelegate - Bootstrapping Spring Data Redis repositories in DEFAULT mode.
2021-07-28 22:03:29.720 [main] INFO 
            o.s.d.r.config.RepositoryConfigurationDelegate - Finished Spring Data repository scanning in 7 ms. Found 0 Redis repository interfaces.
2021-07-28 22:03:30.078 [main] INFO 
            o.s.boot.web.embedded.tomcat.TomcatWebServer - Tomcat initialized with port(s): 8001 (http)
2021-07-28 22:03:30.083 [main] INFO 
            org.apache.coyote.http11.Http11NioProtocol - Initializing ProtocolHandler ["http-nio-8001"]
2021-07-28 22:03:30.083 [main] INFO 
            org.apache.catalina.core.StandardService - Starting service [Tomcat]
2021-07-28 22:03:30.083 [main] INFO 
            org.apache.catalina.core.StandardEngine - Starting Servlet engine: [Apache Tomcat/9.0.46]
2021-07-28 22:03:30.152 [main] INFO 
            o.a.c.core.ContainerBase.[Tomcat].[localhost].[/] - Initializing Spring embedded WebApplicationContext
2021-07-28 22:03:30.153 [main] INFO 
            o.s.b.w.s.c.ServletWebServerApplicationContext - Root WebApplicationContext: initialization completed in 1068 ms
2021-07-28 22:03:30.296 [main] INFO 
            com.zaxxer.hikari.HikariDataSource - HikariPool-1 - Starting...
2021-07-28 22:03:30.723 [main] INFO 
            com.zaxxer.hikari.HikariDataSource - HikariPool-1 - Start completed.
2021-07-28 22:03:31.065 [main] INFO 
            s.d.s.w.PropertySourcedRequestMappingHandlerMapping - Mapped URL path [/v2/api-docs] onto method [springfox.documentation.swagger2.web.Swagger2Controller#getDocumentation(String, HttpServletRequest)]
2021-07-28 22:03:31.453 [main] INFO 
            org.apache.coyote.http11.Http11NioProtocol - Starting ProtocolHandler ["http-nio-8001"]
2021-07-28 22:03:31.466 [main] INFO 
            o.s.boot.web.embedded.tomcat.TomcatWebServer - Tomcat started on port(s): 8001 (http) with context path ''
2021-07-28 22:03:31.466 [main] INFO 
            s.d.s.web.plugins.DocumentationPluginsBootstrapper - Context refreshed
2021-07-28 22:03:31.470 [main] INFO 
            s.d.s.web.plugins.DocumentationPluginsBootstrapper - Found 1 custom documentation plugin(s)
2021-07-28 22:03:31.502 [main] INFO 
            s.d.spring.web.scanners.ApiListingReferenceScanner - Scanning for api listing references
2021-07-28 22:03:31.619 [main] INFO 
            com.atguigu.eduservice.EduApplication - Started EduApplication in 2.964 seconds (JVM running for 3.611)
2021-07-28 22:03:46.420 [http-nio-8001-exec-1] INFO 
            o.a.c.core.ContainerBase.[Tomcat].[localhost].[/] - Initializing Spring DispatcherServlet 'dispatcherServlet'
2021-07-28 22:03:46.420 [http-nio-8001-exec-1] INFO 
            org.springframework.web.servlet.DispatcherServlet - Initializing Servlet 'dispatcherServlet'
2021-07-28 22:03:46.421 [http-nio-8001-exec-1] INFO 
            org.springframework.web.servlet.DispatcherServlet - Completed initialization in 1 ms
